Configuring ansi-terminal-0.7.1.1...
Preprocessing library for ansi-terminal-0.7.1.1..
Building library for ansi-terminal-0.7.1.1..
[1 of 9] Compiling System.Console.ANSI.Types ( System\Console\ANSI\Types.hs, .stack-work\dist\5c8418a7\build\System\Console\ANSI\Types.o )
[2 of 9] Compiling System.Console.ANSI.Codes ( System\Console\ANSI\Codes.hs, .stack-work\dist\5c8418a7\build\System\Console\ANSI\Codes.o )
[3 of 9] Compiling System.Console.ANSI.Unix ( System\Console\ANSI\Unix.hs, .stack-work\dist\5c8418a7\build\System\Console\ANSI\Unix.o )
[4 of 9] Compiling System.Console.ANSI.Windows.Emulator.Codes ( System\Console\ANSI\Windows\Emulator\Codes.hs, .stack-work\dist\5c8418a7\build\System\Console\ANSI\Windows\Emulator\Codes.o )
[5 of 9] Compiling System.Console.ANSI.Windows.Foreign ( System\Console\ANSI\Windows\Foreign.hs, .stack-work\dist\5c8418a7\build\System\Console\ANSI\Windows\Foreign.o )

[;1mSystem\Console\ANSI\Windows\Foreign.hs:245:21: [;1m[35mwarning:[0m[0m[;1m [[;1m[35m-Woverflowed-literals[0m[0m[;1m][0m[0m[;1m
    Literal -10 is out of the GHC.Word.Word32 range 0..4294967295[0m[0m
[;1m[34m    |[0m[0m
[;1m[34m245 |[0m[0m sTD_INPUT_HANDLE = -[;1m[35m10[0m[0m
[;1m[34m    |[0m[0m[;1m[35m                     ^^[0m[0m
[0m[0m[0m
[;1mSystem\Console\ANSI\Windows\Foreign.hs:246:22: [;1m[35mwarning:[0m[0m[;1m [[;1m[35m-Woverflowed-literals[0m[0m[;1m][0m[0m[;1m
    Literal -11 is out of the GHC.Word.Word32 range 0..4294967295[0m[0m
[;1m[34m    |[0m[0m
[;1m[34m246 |[0m[0m sTD_OUTPUT_HANDLE = -[;1m[35m11[0m[0m
[;1m[34m    |[0m[0m[;1m[35m                      ^^[0m[0m
[0m[0m[0m
[;1mSystem\Console\ANSI\Windows\Foreign.hs:247:21: [;1m[35mwarning:[0m[0m[;1m [[;1m[35m-Woverflowed-literals[0m[0m[;1m][0m[0m[;1m
    Literal -12 is out of the GHC.Word.Word32 range 0..4294967295[0m[0m
[;1m[34m    |[0m[0m
[;1m[34m247 |[0m[0m sTD_ERROR_HANDLE = -[;1m[35m12[0m[0m
[;1m[34m    |[0m[0m[;1m[35m                     ^^[0m[0m
[0m[0m[0m[6 of 9] Compiling System.Console.ANSI.Windows.Detect ( System\Console\ANSI\Windows\Detect.hs, .stack-work\dist\5c8418a7\build\System\Console\ANSI\Windows\Detect.o )
[7 of 9] Compiling System.Console.ANSI.Windows.Emulator ( System\Console\ANSI\Windows\Emulator.hs, .stack-work\dist\5c8418a7\build\System\Console\ANSI\Windows\Emulator.o )

[;1mSystem\Console\ANSI\Windows\Emulator.hs:114:9: [;1m[35mwarning:[0m[0m[;1m [[;1m[35m-Wunused-do-bind[0m[0m[;1m][0m[0m[;1m
    A do-notation statement discarded a result of type `DWORD'
    Suppress this warning by saying
      `_ <- fillConsoleOutputCharacter
              handle clearChar fill_length fill_cursor_pos'[0m[0m
[;1m[34m    |[0m[0m
[;1m[34m114 |[0m[0m         [;1m[35mfillConsoleOutputCharacter handle clearChar fill_length fill_cursor_pos[0m[0m
[;1m[34m    |[0m[0m[;1m[35m         ^^^^^^^^^^^^^^^^^^^^^^^^^^^^^^^^^^^^^^^^^^^^^^^^^^^^^^^^^^^^^^^^^^^^^^^[0m[0m
[0m[0m[0m[8 of 9] Compiling System.Console.ANSI.Windows ( System\Console\ANSI\Windows.hs, .stack-work\dist\5c8418a7\build\System\Console\ANSI\Windows.o )
[9 of 9] Compiling System.Console.ANSI ( System\Console\ANSI.hs, .stack-work\dist\5c8418a7\build\System\Console\ANSI.o )
Preprocessing library for ansi-terminal-0.7.1.1..
Running Haddock on library for ansi-terminal-0.7.1.1..
Haddock coverage:
 100% (  8 /  8) in 'System.Console.ANSI.Types'
  45% ( 18 / 40) in 'System.Console.ANSI.Codes'
  Missing documentation for:
    cursorUpCode (System\Console\ANSI\Codes.hs:119)
    cursorDownCode (System\Console\ANSI\Codes.hs:119)
    cursorForwardCode (System\Console\ANSI\Codes.hs:119)
    cursorBackwardCode (System\Console\ANSI\Codes.hs:119)
    cursorUpLineCode (System\Console\ANSI\Codes.hs:126)
    cursorDownLineCode (System\Console\ANSI\Codes.hs:126)
    setCursorColumnCode (System\Console\ANSI\Codes.hs:131)
    setCursorPositionCode (System\Console\ANSI\Codes.hs:135)
    saveCursorCode (System\Console\ANSI\Codes.hs:140)
    restoreCursorCode (System\Console\ANSI\Codes.hs:140)
    reportCursorPositionCode (System\Console\ANSI\Codes.hs:140)
    clearFromCursorToScreenEndCode (System\Console\ANSI\Codes.hs:145)
    clearFromCursorToScreenBeginningCode (System\Console\ANSI\Codes.hs:145)
    clearScreenCode (System\Console\ANSI\Codes.hs:145)
    clearFromCursorToLineEndCode (System\Console\ANSI\Codes.hs:146)
    clearFromCursorToLineBeginningCode (System\Console\ANSI\Codes.hs:146)
    clearLineCode (System\Console\ANSI\Codes.hs:146)
    scrollPageUpCode (System\Console\ANSI\Codes.hs:155)
    scrollPageDownCode (System\Console\ANSI\Codes.hs:155)
    setSGRCode (System\Console\ANSI\Codes.hs:160)
    hideCursorCode (System\Console\ANSI\Codes.hs:167)
    showCursorCode (System\Console\ANSI\Codes.hs:167)
  35% ( 31 / 89) in 'System.Console.ANSI.Unix'
  Missing documentation for:
    Module header
    cursorUp (includes/Common-Include.hs:20)
    cursorDown (includes/Common-Include.hs:20)
    cursorForward (includes/Common-Include.hs:20)
    cursorBackward (includes/Common-Include.hs:20)
    hCursorUp (includes/Common-Include.hs:16)
    hCursorDown (includes/Common-Include.hs:16)
    hCursorForward (includes/Common-Include.hs:16)
    hCursorBackward (includes/Common-Include.hs:16)
    cursorUpCode (System\Console\ANSI\Codes.hs:119)
    cursorDownCode (System\Console\ANSI\Codes.hs:119)
    cursorForwardCode (System\Console\ANSI\Codes.hs:119)
    cursorBackwardCode (System\Console\ANSI\Codes.hs:119)
    cursorUpLine (includes/Common-Include.hs:31)
    cursorDownLine (includes/Common-Include.hs:31)
    hCursorUpLine (includes/Common-Include.hs:28)
    hCursorDownLine (includes/Common-Include.hs:28)
    cursorUpLineCode (System\Console\ANSI\Codes.hs:126)
    cursorDownLineCode (System\Console\ANSI\Codes.hs:126)
    setCursorColumn (includes/Common-Include.hs:39)
    hSetCursorColumn (includes/Common-Include.hs:36)
    setCursorColumnCode (System\Console\ANSI\Codes.hs:131)
    setCursorPosition (includes/Common-Include.hs:47)
    hSetCursorPosition (includes/Common-Include.hs:43)
    setCursorPositionCode (System\Console\ANSI\Codes.hs:135)
    hSaveCursor (includes/Common-Include.hs:52)
    saveCursorCode (System\Console\ANSI\Codes.hs:140)
    hRestoreCursor (includes/Common-Include.hs:52)
    restoreCursorCode (System\Console\ANSI\Codes.hs:140)
    hReportCursorPosition (includes/Common-Include.hs:52)
    reportCursorPositionCode (System\Console\ANSI\Codes.hs:140)
    clearFromCursorToScreenEnd (includes/Common-Include-Enabled.hs:27)
    clearFromCursorToScreenBeginning (includes/Common-Include-Enabled.hs:27)
    clearScreen (includes/Common-Include-Enabled.hs:27)
    hClearFromCursorToScreenEnd (includes/Common-Include-Enabled.hs:23)
    hClearFromCursorToScreenBeginning (includes/Common-Include-Enabled.hs:23)
    hClearScreen (includes/Common-Include-Enabled.hs:23)
    clearFromCursorToScreenEndCode (System\Console\ANSI\Codes.hs:145)
    clearFromCursorToScreenBeginningCode (System\Console\ANSI\Codes.hs:145)
    clearScreenCode (System\Console\ANSI\Codes.hs:145)
    clearFromCursorToLineEnd (includes/Common-Include-Enabled.hs:37)
    clearFromCursorToLineBeginning (includes/Common-Include-Enabled.hs:37)
    clearLine (includes/Common-Include-Enabled.hs:37)
    hClearFromCursorToLineEnd (includes/Common-Include-Enabled.hs:33)
    hClearFromCursorToLineBeginning (includes/Common-Include-Enabled.hs:33)
    hClearLine (includes/Common-Include-Enabled.hs:33)
    clearFromCursorToLineEndCode (System\Console\ANSI\Codes.hs:146)
    clearFromCursorToLineBeginningCode (System\Console\ANSI\Codes.hs:146)
    clearLineCode (System\Console\ANSI\Codes.hs:146)
    scrollPageUpCode (System\Console\ANSI\Codes.hs:155)
    scrollPageDownCode (System\Console\ANSI\Codes.hs:155)
    setSGRCode (System\Console\ANSI\Codes.hs:160)
    hideCursor (includes/Common-Include.hs:82)
    showCursor (includes/Common-Include.hs:82)
    hHideCursor (includes/Common-Include.hs:80)
    hShowCursor (includes/Common-Include.hs:80)
    hideCursorCode (System\Console\ANSI\Codes.hs:167)
    showCursorCode (System\Console\ANSI\Codes.hs:167)
  27% (  9 / 33) in 'System.Console.ANSI.Windows.Emulator.Codes'
  Missing documentation for:
    Module header
    cursorUpCode (System\Console\ANSI\Windows\Emulator\Codes.hs:37)
    cursorDownCode (System\Console\ANSI\Windows\Emulator\Codes.hs:37)
    cursorForwardCode (System\Console\ANSI\Windows\Emulator\Codes.hs:37)
    cursorBackwardCode (System\Console\ANSI\Windows\Emulator\Codes.hs:37)
    cursorUpLineCode (System\Console\ANSI\Windows\Emulator\Codes.hs:44)
    cursorDownLineCode (System\Console\ANSI\Windows\Emulator\Codes.hs:44)
    setCursorColumnCode (System\Console\ANSI\Windows\Emulator\Codes.hs:49)
    setCursorPositionCode (System\Console\ANSI\Windows\Emulator\Codes.hs:53)
    saveCursorCode (System\Console\ANSI\Windows\Emulator\Codes.hs:58)
    restoreCursorCode (System\Console\ANSI\Windows\Emulator\Codes.hs:58)
    reportCursorPositionCode (System\Console\ANSI\Windows\Emulator\Codes.hs:58)
    clearFromCursorToScreenEndCode (System\Console\ANSI\Windows\Emulator\Codes.hs:63)
    clearFromCursorToScreenBeginningCode (System\Console\ANSI\Windows\Emulator\Codes.hs:63)
    clearScreenCode (System\Console\ANSI\Windows\Emulator\Codes.hs:63)
    clearFromCursorToLineEndCode (System\Console\ANSI\Windows\Emulator\Codes.hs:64)
    clearFromCursorToLineBeginningCode (System\Console\ANSI\Windows\Emulator\Codes.hs:64)
    clearLineCode (System\Console\ANSI\Windows\Emulator\Codes.hs:64)
    scrollPageUpCode (System\Console\ANSI\Windows\Emulator\Codes.hs:73)
    scrollPageDownCode (System\Console\ANSI\Windows\Emulator\Codes.hs:73)
    setSGRCode (System\Console\ANSI\Windows\Emulator\Codes.hs:78)
    hideCursorCode (System\Console\ANSI\Windows\Emulator\Codes.hs:85)
    showCursorCode (System\Console\ANSI\Windows\Emulator\Codes.hs:85)
    setTitleCode (System\Console\ANSI\Windows\Emulator\Codes.hs:89)
   3% (  2 / 64) in 'System.Console.ANSI.Windows.Foreign'
  Missing documentation for:
    BOOL
    WORD
    DWORD
    WCHAR (System\Console\ANSI\Windows\Foreign.hs:93)
    HANDLE
    iNVALID_HANDLE_VALUE
    nullHANDLE
    SHORT
    INPUT_RECORD (System\Console\ANSI\Windows\Foreign.hs:571)
    INPUT_RECORD_EVENT (System\Console\ANSI\Windows\Foreign.hs:551)
    kEY_EVENT (System\Console\ANSI\Windows\Foreign.hs:269)
    KEY_EVENT_RECORD (System\Console\ANSI\Windows\Foreign.hs:453)
    UNICODE_ASCII_CHAR (System\Console\ANSI\Windows\Foreign.hs:425)
    writeConsoleInput (System\Console\ANSI\Windows\Foreign.hs:404)
    getNumberOfConsoleInputEvents (System\Console\ANSI\Windows\Foreign.hs:606)
    readConsoleInput (System\Console\ANSI\Windows\Foreign.hs:614)
    charToWCHAR (System\Console\ANSI\Windows\Foreign.hs:95)
    cWcharsToChars (System\Console\ANSI\Windows\Foreign.hs:629)
    COORD (System\Console\ANSI\Windows\Foreign.hs:122)
    SMALL_RECT (System\Console\ANSI\Windows\Foreign.hs:145)
    rect_top (System\Console\ANSI\Windows\Foreign.hs:150)
    rect_bottom (System\Console\ANSI\Windows\Foreign.hs:150)
    rect_left (System\Console\ANSI\Windows\Foreign.hs:150)
    rect_right (System\Console\ANSI\Windows\Foreign.hs:150)
    rect_width (System\Console\ANSI\Windows\Foreign.hs:156)
    rect_height (System\Console\ANSI\Windows\Foreign.hs:156)
    CONSOLE_CURSOR_INFO (System\Console\ANSI\Windows\Foreign.hs:177)
    CONSOLE_SCREEN_BUFFER_INFO (System\Console\ANSI\Windows\Foreign.hs:195)
    CHAR_INFO (System\Console\ANSI\Windows\Foreign.hs:223)
    sTD_INPUT_HANDLE (System\Console\ANSI\Windows\Foreign.hs:242)
    sTD_OUTPUT_HANDLE (System\Console\ANSI\Windows\Foreign.hs:242)
    sTD_ERROR_HANDLE (System\Console\ANSI\Windows\Foreign.hs:242)
    eNABLE_VIRTUAL_TERMINAL_INPUT (System\Console\ANSI\Windows\Foreign.hs:241)
    eNABLE_VIRTUAL_TERMINAL_PROCESSING (System\Console\ANSI\Windows\Foreign.hs:241)
    fOREGROUND_BLUE (System\Console\ANSI\Windows\Foreign.hs:249)
    fOREGROUND_GREEN (System\Console\ANSI\Windows\Foreign.hs:249)
    fOREGROUND_RED (System\Console\ANSI\Windows\Foreign.hs:249)
    fOREGROUND_INTENSITY (System\Console\ANSI\Windows\Foreign.hs:249)
    fOREGROUND_WHITE (System\Console\ANSI\Windows\Foreign.hs:263)
    fOREGROUND_INTENSE_WHITE (System\Console\ANSI\Windows\Foreign.hs:263)
    bACKGROUND_BLUE (System\Console\ANSI\Windows\Foreign.hs:249)
    bACKGROUND_GREEN (System\Console\ANSI\Windows\Foreign.hs:249)
    bACKGROUND_RED (System\Console\ANSI\Windows\Foreign.hs:249)
    bACKGROUND_INTENSITY (System\Console\ANSI\Windows\Foreign.hs:249)
    bACKGROUND_WHITE (System\Console\ANSI\Windows\Foreign.hs:263)
    bACKGROUND_INTENSE_WHITE (System\Console\ANSI\Windows\Foreign.hs:263)
    cOMMON_LVB_REVERSE_VIDEO (System\Console\ANSI\Windows\Foreign.hs:249)
    cOMMON_LVB_UNDERSCORE (System\Console\ANSI\Windows\Foreign.hs:249)
    getStdHandle (System\Console\ANSI\Windows\Foreign.hs:276)
    getConsoleScreenBufferInfo (System\Console\ANSI\Windows\Foreign.hs:306)
    getConsoleCursorInfo (System\Console\ANSI\Windows\Foreign.hs:312)
    getConsoleMode (System\Console\ANSI\Windows\Foreign.hs:317)
    setConsoleTextAttribute (System\Console\ANSI\Windows\Foreign.hs:322)
    setConsoleCursorPosition (System\Console\ANSI\Windows\Foreign.hs:325)
    setConsoleCursorInfo (System\Console\ANSI\Windows\Foreign.hs:328)
    setConsoleTitle (System\Console\ANSI\Windows\Foreign.hs:332)
    setConsoleMode (System\Console\ANSI\Windows\Foreign.hs:335)
    fillConsoleOutputAttribute (System\Console\ANSI\Windows\Foreign.hs:339)
    fillConsoleOutputCharacter (System\Console\ANSI\Windows\Foreign.hs:344)
    scrollConsoleScreenBuffer (System\Console\ANSI\Windows\Foreign.hs:349)
    withTString
    ConsoleException (System\Console\ANSI\Windows\Foreign.hs:295)
  75% (  3 /  4) in 'System.Console.ANSI.Windows.Detect'
  Missing documentation for:
    Module header
  34% ( 30 / 89) in 'System.Console.ANSI.Windows.Emulator'
  Missing documentation for:
    Module header
    cursorUp (includes/Common-Include.hs:20)
    cursorDown (includes/Common-Include.hs:20)
    cursorForward (includes/Common-Include.hs:20)
    cursorBackward (includes/Common-Include.hs:20)
    hCursorUp (includes/Common-Include.hs:16)
    hCursorDown (includes/Common-Include.hs:16)
    hCursorForward (includes/Common-Include.hs:16)
    hCursorBackward (includes/Common-Include.hs:16)
    cursorUpCode (System\Console\ANSI\Windows\Emulator\Codes.hs:37)
    cursorDownCode (System\Console\ANSI\Windows\Emulator\Codes.hs:37)
    cursorForwardCode (System\Console\ANSI\Windows\Emulator\Codes.hs:37)
    cursorBackwardCode (System\Console\ANSI\Windows\Emulator\Codes.hs:37)
    cursorUpLine (includes/Common-Include.hs:31)
    cursorDownLine (includes/Common-Include.hs:31)
    hCursorUpLine (includes/Common-Include.hs:28)
    hCursorDownLine (includes/Common-Include.hs:28)
    cursorUpLineCode (System\Console\ANSI\Windows\Emulator\Codes.hs:44)
    cursorDownLineCode (System\Console\ANSI\Windows\Emulator\Codes.hs:44)
    setCursorColumn (includes/Common-Include.hs:39)
    hSetCursorColumn (includes/Common-Include.hs:36)
    setCursorColumnCode (System\Console\ANSI\Windows\Emulator\Codes.hs:49)
    setCursorPosition (includes/Common-Include.hs:47)
    hSetCursorPosition (includes/Common-Include.hs:43)
    setCursorPositionCode (System\Console\ANSI\Windows\Emulator\Codes.hs:53)
    hSaveCursor (includes/Common-Include.hs:52)
    saveCursorCode (System\Console\ANSI\Windows\Emulator\Codes.hs:58)
    hRestoreCursor (includes/Common-Include.hs:52)
    restoreCursorCode (System\Console\ANSI\Windows\Emulator\Codes.hs:58)
    hReportCursorPosition (includes/Common-Include.hs:52)
    reportCursorPositionCode (System\Console\ANSI\Windows\Emulator\Codes.hs:58)
    clearFromCursorToScreenEnd (includes/Common-Include-Emulator.hs:30)
    clearFromCursorToScreenBeginning (includes/Common-Include-Emulator.hs:30)
    clearScreen (includes/Common-Include-Emulator.hs:30)
    hClearFromCursorToScreenEnd (includes/Common-Include-Emulator.hs:25)
    hClearFromCursorToScreenBeginning (includes/Common-Include-Emulator.hs:25)
    hClearScreen (includes/Common-Include-Emulator.hs:25)
    clearFromCursorToScreenEndCode (System\Console\ANSI\Windows\Emulator\Codes.hs:63)
    clearFromCursorToScreenBeginningCode (System\Console\ANSI\Windows\Emulator\Codes.hs:63)
    clearScreenCode (System\Console\ANSI\Windows\Emulator\Codes.hs:63)
    clearFromCursorToLineEnd (includes/Common-Include-Emulator.hs:43)
    clearFromCursorToLineBeginning (includes/Common-Include-Emulator.hs:43)
    clearLine (includes/Common-Include-Emulator.hs:43)
    hClearFromCursorToLineEnd (includes/Common-Include-Emulator.hs:38)
    hClearFromCursorToLineBeginning (includes/Common-Include-Emulator.hs:38)
    hClearLine (includes/Common-Include-Emulator.hs:38)
    clearFromCursorToLineEndCode (System\Console\ANSI\Windows\Emulator\Codes.hs:64)
    clearFromCursorToLineBeginningCode (System\Console\ANSI\Windows\Emulator\Codes.hs:64)
    clearLineCode (System\Console\ANSI\Windows\Emulator\Codes.hs:64)
    scrollPageUpCode (System\Console\ANSI\Windows\Emulator\Codes.hs:73)
    scrollPageDownCode (System\Console\ANSI\Windows\Emulator\Codes.hs:73)
    setSGRCode (System\Console\ANSI\Windows\Emulator\Codes.hs:78)
    hideCursor (includes/Common-Include.hs:82)
    showCursor (includes/Common-Include.hs:82)
    hHideCursor (includes/Common-Include.hs:80)
    hShowCursor (includes/Common-Include.hs:80)
    hideCursorCode (System\Console\ANSI\Windows\Emulator\Codes.hs:85)
    showCursorCode (System\Console\ANSI\Windows\Emulator\Codes.hs:85)
    setTitleCode (System\Console\ANSI\Windows\Emulator\Codes.hs:89)
  34% ( 30 / 89) in 'System.Console.ANSI.Windows'
  Missing documentation for:
    Module header
    cursorUp (includes/Common-Include.hs:20)
    cursorDown (includes/Common-Include.hs:20)
    cursorForward (includes/Common-Include.hs:20)
    cursorBackward (includes/Common-Include.hs:20)
    hCursorUp (includes/Common-Include.hs:16)
    hCursorDown (includes/Common-Include.hs:16)
    hCursorForward (includes/Common-Include.hs:16)
    hCursorBackward (includes/Common-Include.hs:16)
    cursorUpCode (System\Console\ANSI\Windows.hs:49)
    cursorDownCode (System\Console\ANSI\Windows.hs:52)
    cursorForwardCode (System\Console\ANSI\Windows.hs:55)
    cursorBackwardCode (System\Console\ANSI\Windows.hs:58)
    cursorUpLine (includes/Common-Include.hs:31)
    cursorDownLine (includes/Common-Include.hs:31)
    hCursorUpLine (includes/Common-Include.hs:28)
    hCursorDownLine (includes/Common-Include.hs:28)
    cursorUpLineCode (System\Console\ANSI\Windows.hs:65)
    cursorDownLineCode (System\Console\ANSI\Windows.hs:68)
    setCursorColumn (includes/Common-Include.hs:39)
    hSetCursorColumn (includes/Common-Include.hs:36)
    setCursorColumnCode (System\Console\ANSI\Windows.hs:74)
    setCursorPosition (includes/Common-Include.hs:47)
    hSetCursorPosition (includes/Common-Include.hs:43)
    setCursorPositionCode (System\Console\ANSI\Windows.hs:80)
    hSaveCursor (includes/Common-Include.hs:52)
    saveCursorCode (System\Console\ANSI\Windows.hs:90)
    hRestoreCursor (includes/Common-Include.hs:52)
    restoreCursorCode (System\Console\ANSI\Windows.hs:93)
    hReportCursorPosition (includes/Common-Include.hs:52)
    reportCursorPositionCode (System\Console\ANSI\Windows.hs:96)
    clearFromCursorToScreenEnd (includes/Common-Include-Enabled.hs:27)
    clearFromCursorToScreenBeginning (includes/Common-Include-Enabled.hs:27)
    clearScreen (includes/Common-Include-Enabled.hs:27)
    hClearFromCursorToScreenEnd (includes/Common-Include-Enabled.hs:23)
    hClearFromCursorToScreenBeginning (includes/Common-Include-Enabled.hs:23)
    hClearScreen (includes/Common-Include-Enabled.hs:23)
    clearFromCursorToScreenEndCode (System\Console\ANSI\Windows.hs:107)
    clearFromCursorToScreenBeginningCode (System\Console\ANSI\Windows.hs:111)
    clearScreenCode (System\Console\ANSI\Windows.hs:115)
    clearFromCursorToLineEnd (includes/Common-Include-Enabled.hs:37)
    clearFromCursorToLineBeginning (includes/Common-Include-Enabled.hs:37)
    clearLine (includes/Common-Include-Enabled.hs:37)
    hClearFromCursorToLineEnd (includes/Common-Include-Enabled.hs:33)
    hClearFromCursorToLineBeginning (includes/Common-Include-Enabled.hs:33)
    hClearLine (includes/Common-Include-Enabled.hs:33)
    clearFromCursorToLineEndCode (System\Console\ANSI\Windows.hs:124)
    clearFromCursorToLineBeginningCode (System\Console\ANSI\Windows.hs:128)
    clearLineCode (System\Console\ANSI\Windows.hs:132)
    scrollPageUpCode (System\Console\ANSI\Windows.hs:139)
    scrollPageDownCode (System\Console\ANSI\Windows.hs:142)
    setSGRCode (System\Console\ANSI\Windows.hs:160)
    hideCursor (includes/Common-Include.hs:82)
    showCursor (includes/Common-Include.hs:82)
    hHideCursor (includes/Common-Include.hs:80)
    hShowCursor (includes/Common-Include.hs:80)
    hideCursorCode (System\Console\ANSI\Windows.hs:167)
    showCursorCode (System\Console\ANSI\Windows.hs:170)
    setTitleCode (System\Console\ANSI\Windows.hs:176)
  35% ( 31 / 89) in 'System.Console.ANSI'
  Missing documentation for:
    cursorUp (includes/Common-Include.hs:20)
    cursorDown (includes/Common-Include.hs:20)
    cursorForward (includes/Common-Include.hs:20)
    cursorBackward (includes/Common-Include.hs:20)
    hCursorUp (includes/Common-Include.hs:16)
    hCursorDown (includes/Common-Include.hs:16)
    hCursorForward (includes/Common-Include.hs:16)
    hCursorBackward (includes/Common-Include.hs:16)
    cursorUpCode (System\Console\ANSI\Windows.hs:49)
    cursorDownCode (System\Console\ANSI\Windows.hs:52)
    cursorForwardCode (System\Console\ANSI\Windows.hs:55)
    cursorBackwardCode (System\Console\ANSI\Windows.hs:58)
    cursorUpLine (includes/Common-Include.hs:31)
    cursorDownLine (includes/Common-Include.hs:31)
    hCursorUpLine (includes/Common-Include.hs:28)
    hCursorDownLine (includes/Common-Include.hs:28)
    cursorUpLineCode (System\Console\ANSI\Windows.hs:65)
    cursorDownLineCode (System\Console\ANSI\Windows.hs:68)
    setCursorColumn (includes/Common-Include.hs:39)
    hSetCursorColumn (includes/Common-Include.hs:36)
    setCursorColumnCode (System\Console\ANSI\Windows.hs:74)
    setCursorPosition (includes/Common-Include.hs:47)
    hSetCursorPosition (includes/Common-Include.hs:43)
    setCursorPositionCode (System\Console\ANSI\Windows.hs:80)
    hSaveCursor (includes/Common-Include.hs:52)
    saveCursorCode (System\Console\ANSI\Windows.hs:90)
    hRestoreCursor (includes/Common-Include.hs:52)
    restoreCursorCode (System\Console\ANSI\Windows.hs:93)
    hReportCursorPosition (includes/Common-Include.hs:52)
    reportCursorPositionCode (System\Console\ANSI\Windows.hs:96)
    clearFromCursorToScreenEnd (includes/Common-Include-Enabled.hs:27)
    clearFromCursorToScreenBeginning (includes/Common-Include-Enabled.hs:27)
    clearScreen (includes/Common-Include-Enabled.hs:27)
    hClearFromCursorToScreenEnd (includes/Common-Include-Enabled.hs:23)
    hClearFromCursorToScreenBeginning (includes/Common-Include-Enabled.hs:23)
    hClearScreen (includes/Common-Include-Enabled.hs:23)
    clearFromCursorToScreenEndCode (System\Console\ANSI\Windows.hs:107)
    clearFromCursorToScreenBeginningCode (System\Console\ANSI\Windows.hs:111)
    clearScreenCode (System\Console\ANSI\Windows.hs:115)
    clearFromCursorToLineEnd (includes/Common-Include-Enabled.hs:37)
    clearFromCursorToLineBeginning (includes/Common-Include-Enabled.hs:37)
    clearLine (includes/Common-Include-Enabled.hs:37)
    hClearFromCursorToLineEnd (includes/Common-Include-Enabled.hs:33)
    hClearFromCursorToLineBeginning (includes/Common-Include-Enabled.hs:33)
    hClearLine (includes/Common-Include-Enabled.hs:33)
    clearFromCursorToLineEndCode (System\Console\ANSI\Windows.hs:124)
    clearFromCursorToLineBeginningCode (System\Console\ANSI\Windows.hs:128)
    clearLineCode (System\Console\ANSI\Windows.hs:132)
    scrollPageUpCode (System\Console\ANSI\Windows.hs:139)
    scrollPageDownCode (System\Console\ANSI\Windows.hs:142)
    setSGRCode (System\Console\ANSI\Windows.hs:160)
    hideCursor (includes/Common-Include.hs:82)
    showCursor (includes/Common-Include.hs:82)
    hHideCursor (includes/Common-Include.hs:80)
    hShowCursor (includes/Common-Include.hs:80)
    hideCursorCode (System\Console\ANSI\Windows.hs:167)
    showCursorCode (System\Console\ANSI\Windows.hs:170)
    setTitleCode (System\Console\ANSI\Windows.hs:176)
Warning: System.Console.ANSI.Types: could not find link destinations for:
    unsafeIndex unsafeRangeSize
Documentation created:
.stack-work\dist\5c8418a7\doc\html\ansi-terminal\index.html,
.stack-work\dist\5c8418a7\doc\html\ansi-terminal\ansi-terminal.txt
Installing library in C:\sr\snapshots\13cecb13\lib\x86_64-windows-ghc-8.2.2\ansi-terminal-0.7.1.1-7jooQD7Q4Ah9JvyDmE1jcZ
Registering library for ansi-terminal-0.7.1.1..
