Configuring gloss-rendering-1.11.1.1...
Preprocessing library for gloss-rendering-1.11.1.1..
Building library for gloss-rendering-1.11.1.1..
[1 of 9] Compiling Graphics.Gloss.Internals.Data.Color ( Graphics\Gloss\Internals\Data\Color.hs, .stack-work\dist\5c8418a7\build\Graphics\Gloss\Internals\Data\Color.o )
[2 of 9] Compiling Graphics.Gloss.Internals.Rendering.Bitmap ( Graphics\Gloss\Internals\Rendering\Bitmap.hs, .stack-work\dist\5c8418a7\build\Graphics\Gloss\Internals\Rendering\Bitmap.o )
[3 of 9] Compiling Graphics.Gloss.Internals.Data.Picture ( Graphics\Gloss\Internals\Data\Picture.hs, .stack-work\dist\5c8418a7\build\Graphics\Gloss\Internals\Data\Picture.o )
[4 of 9] Compiling Graphics.Gloss.Internals.Rendering.Color ( Graphics\Gloss\Internals\Rendering\Color.hs, .stack-work\dist\5c8418a7\build\Graphics\Gloss\Internals\Rendering\Color.o )
[5 of 9] Compiling Graphics.Gloss.Internals.Rendering.Common ( Graphics\Gloss\Internals\Rendering\Common.hs, .stack-work\dist\5c8418a7\build\Graphics\Gloss\Internals\Rendering\Common.o )
[6 of 9] Compiling Graphics.Gloss.Internals.Rendering.Circle ( Graphics\Gloss\Internals\Rendering\Circle.hs, .stack-work\dist\5c8418a7\build\Graphics\Gloss\Internals\Rendering\Circle.o )
[7 of 9] Compiling Graphics.Gloss.Internals.Rendering.State ( Graphics\Gloss\Internals\Rendering\State.hs, .stack-work\dist\5c8418a7\build\Graphics\Gloss\Internals\Rendering\State.o )
[8 of 9] Compiling Graphics.Gloss.Internals.Rendering.Picture ( Graphics\Gloss\Internals\Rendering\Picture.hs, .stack-work\dist\5c8418a7\build\Graphics\Gloss\Internals\Rendering\Picture.o )
[9 of 9] Compiling Graphics.Gloss.Rendering ( Graphics\Gloss\Rendering.hs, .stack-work\dist\5c8418a7\build\Graphics\Gloss\Rendering.o )
Preprocessing library for gloss-rendering-1.11.1.1..
Running Haddock on library for gloss-rendering-1.11.1.1..
Haddock coverage:
 100% (  8 /  8) in 'Graphics.Gloss.Internals.Data.Color'
 100% (  7 /  7) in 'Graphics.Gloss.Internals.Rendering.Bitmap'
 100% ( 14 / 14) in 'Graphics.Gloss.Internals.Data.Picture'
  50% (  1 /  2) in 'Graphics.Gloss.Internals.Rendering.Color'
  Missing documentation for:
    Module header
  80% (  4 /  5) in 'Graphics.Gloss.Internals.Rendering.Common'
  Missing documentation for:
    Module header
 100% (  3 /  3) in 'Graphics.Gloss.Internals.Rendering.Circle'
 100% (  4 /  4) in 'Graphics.Gloss.Internals.Rendering.State'
  50% (  1 /  2) in 'Graphics.Gloss.Internals.Rendering.Picture'
  Missing documentation for:
    Module header
  97% ( 29 / 30) in 'Graphics.Gloss.Rendering'
  Missing documentation for:
    Module header
Documentation created:
.stack-work\dist\5c8418a7\doc\html\gloss-rendering\index.html,
.stack-work\dist\5c8418a7\doc\html\gloss-rendering\gloss-rendering.txt
Installing library in C:\sr\snapshots\13cecb13\lib\x86_64-windows-ghc-8.2.2\gloss-rendering-1.11.1.1-VMG1Z6K1KI2BX3gt2QMVE
Registering library for gloss-rendering-1.11.1.1..
