Configuring random-1.1...
Preprocessing library for random-1.1..
Building library for random-1.1..
[1 of 1] Compiling System.Random    ( System\Random.hs, .stack-work\dist\5c8418a7\build\System\Random.o )

[;1mSystem\Random.hs:43:1: [;1m[35mwarning:[0m[0m[;1m [[;1m[35m-Wtabs[0m[0m[;1m][0m[0m[;1m
    Tab character found here, and in 74 further locations.
    Please use spaces instead.[0m[0m
[;1m[34m   |[0m[0m
[;1m[34m43 |[0m[0m [;1m[35m        [0m[0m(
[;1m[34m   |[0m[0m[;1m[35m ^^^^^^^^[0m[0m
[0m[0m[0mPreprocessing library for random-1.1..
Running Haddock on library for random-1.1..

System\Random.hs:43:1: warning: [-Wtabs]
    Tab character found here, and in 74 further locations.
    Please use spaces instead.
   |
43 |         (
   | ^^^^^^^^
Haddock coverage:
Cannot find documentation for: $intro
 100% ( 16 / 16) in 'System.Random'
Documentation created: .stack-work\dist\5c8418a7\doc\html\random\index.html,
.stack-work\dist\5c8418a7\doc\html\random\random.txt
Installing library in C:\sr\snapshots\13cecb13\lib\x86_64-windows-ghc-8.2.2\random-1.1-LLUGZ7T9DqQ5vN0Jbcd0We
Registering library for random-1.1..
